{"/Users/amoriah/Desktop/quiz-test-app/src/App.tsx": {"path":"/Users/amoriah/Desktop/quiz-test-app/src/App.tsx","statementMap":{"0":{"start":{"line":1,"column":0},"end":{"line":1,"column":33}},"1":{"start":{"line":2,"column":0},"end":{"line":2,"column":43}},"2":{"start":{"line":3,"column":0},"end":{"line":3,"column":41}},"3":{"start":{"line":4,"column":0},"end":{"line":4,"column":55}},"4":{"start":{"line":6,"column":0},"end":{"line":6,"column":39}},"5":{"start":{"line":7,"column":0},"end":{"line":7,"column":32}},"6":{"start":{"line":9,"column":19},"end":{"line":33,"column":1}},"7":{"start":{"line":10,"column":26},"end":{"line":10,"column":53}},"8":{"start":{"line":12,"column":21},"end":{"line":14,"column":3}},"9":{"start":{"line":13,"column":4},"end":{"line":13,"column":25}},"10":{"start":{"line":16,"column":2},"end":{"line":32,"column":4}},"11":{"start":{"line":20,"column":8},"end":{"line":29,"column":9}},"12":{"start":{"line":22,"column":12},"end":{"line":22,"column":50}},"13":{"start":{"line":24,"column":12},"end":{"line":24,"column":49}},"14":{"start":{"line":26,"column":12},"end":{"line":26,"column":56}},"15":{"start":{"line":28,"column":12},"end":{"line":28,"column":24}},"16":{"start":{"line":9,"column":13},"end":{"line":9,"column":19}}},"fnMap":{"0":{"name":"(anonymous_0)","decl":{"start":{"line":9,"column":19},"end":{"line":9,"column":22}},"loc":{"start":{"line":9,"column":24},"end":{"line":33,"column":1}}},"1":{"name":"(anonymous_1)","decl":{"start":{"line":12,"column":21},"end":{"line":12,"column":22}},"loc":{"start":{"line":12,"column":47},"end":{"line":14,"column":3}}},"2":{"name":"(anonymous_2)","decl":{"start":{"line":19,"column":8},"end":{"line":19,"column":11}},"loc":{"start":{"line":19,"column":13},"end":{"line":30,"column":7}}}},"branchMap":{"0":{"loc":{"start":{"line":20,"column":8},"end":{"line":29,"column":9}},"type":"switch","locations":[{"start":{"line":21,"column":10},"end":{"line":22,"column":50}},{"start":{"line":23,"column":10},"end":{"line":24,"column":49}},{"start":{"line":25,"column":10},"end":{"line":26,"column":56}},{"start":{"line":27,"column":10},"end":{"line":28,"column":24}}]}},"s":{"0":1,"1":1,"2":1,"3":1,"4":1,"5":1,"6":1,"7":1,"8":1,"9":0,"10":1,"11":1,"12":1,"13":0,"14":0,"15":0,"16":1},"f":{"0":1,"1":0,"2":1},"b":{"0":[1,0,0,0]}}
,"/Users/amoriah/Desktop/quiz-test-app/src/hooks.ts": {"path":"/Users/amoriah/Desktop/quiz-test-app/src/hooks.ts","statementMap":{"0":{"start":{"line":1,"column":0},"end":{"line":1,"column":55}},"1":{"start":{"line":4,"column":13},"end":{"line":4,"column":67}},"2":{"start":{"line":5,"column":13},"end":{"line":5,"column":65}}},"fnMap":{},"branchMap":{},"s":{"0":1,"1":1,"2":1},"f":{},"b":{}}
,"/Users/amoriah/Desktop/quiz-test-app/src/main.tsx": {"path":"/Users/amoriah/Desktop/quiz-test-app/src/main.tsx","statementMap":{"0":{"start":{"line":1,"column":0},"end":{"line":1,"column":26}},"1":{"start":{"line":2,"column":0},"end":{"line":2,"column":40}},"2":{"start":{"line":3,"column":0},"end":{"line":3,"column":28}},"3":{"start":{"line":5,"column":0},"end":{"line":9,"column":2}}},"fnMap":{},"branchMap":{},"s":{"0":0,"1":0,"2":0,"3":0},"f":{},"b":{}}
,"/Users/amoriah/Desktop/quiz-test-app/src/store.ts": {"path":"/Users/amoriah/Desktop/quiz-test-app/src/store.ts","statementMap":{"0":{"start":{"line":1,"column":0},"end":{"line":1,"column":50}},"1":{"start":{"line":2,"column":0},"end":{"line":2,"column":55}},"2":{"start":{"line":3,"column":0},"end":{"line":3,"column":51}},"3":{"start":{"line":5,"column":13},"end":{"line":10,"column":3}}},"fnMap":{},"branchMap":{},"s":{"0":1,"1":1,"2":1,"3":1},"f":{},"b":{}}
,"/Users/amoriah/Desktop/quiz-test-app/src/vite-env.d.ts": {"path":"/Users/amoriah/Desktop/quiz-test-app/src/vite-env.d.ts","statementMap":{},"fnMap":{},"branchMap":{},"s":{},"f":{},"b":{}}
,"/Users/amoriah/Desktop/quiz-test-app/src/components/FinishTable.tsx": {"path":"/Users/amoriah/Desktop/quiz-test-app/src/components/FinishTable.tsx","statementMap":{"0":{"start":{"line":2,"column":0},"end":{"line":2,"column":61}},"1":{"start":{"line":3,"column":0},"end":{"line":3,"column":74}},"2":{"start":{"line":4,"column":0},"end":{"line":4,"column":61}},"3":{"start":{"line":5,"column":0},"end":{"line":5,"column":null}},"4":{"start":{"line":19,"column":48},"end":{"line":87,"column":1}},"5":{"start":{"line":20,"column":22},"end":{"line":20,"column":53}},"6":{"start":{"line":21,"column":19},"end":{"line":21,"column":35}},"7":{"start":{"line":22,"column":18},"end":{"line":22,"column":37}},"8":{"start":{"line":24,"column":19},"end":{"line":24,"column":59}},"9":{"start":{"line":26,"column":18},"end":{"line":30,"column":3}},"10":{"start":{"line":27,"column":4},"end":{"line":27,"column":21}},"11":{"start":{"line":28,"column":4},"end":{"line":28,"column":29}},"12":{"start":{"line":29,"column":4},"end":{"line":29,"column":31}},"13":{"start":{"line":32,"column":23},"end":{"line":32,"column":35}},"14":{"start":{"line":33,"column":22},"end":{"line":39,"column":4}},"15":{"start":{"line":34,"column":28},"end":{"line":34,"column":54}},"16":{"start":{"line":35,"column":4},"end":{"line":38,"column":6}},"17":{"start":{"line":41,"column":25},"end":{"line":41,"column":74}},"18":{"start":{"line":41,"column":52},"end":{"line":41,"column":66}},"19":{"start":{"line":43,"column":2},"end":{"line":86,"column":4}},"20":{"start":{"line":57,"column":14},"end":{"line":58,"column":null}},"21":{"start":{"line":19,"column":13},"end":{"line":19,"column":48}}},"fnMap":{"0":{"name":"(anonymous_0)","decl":{"start":{"line":19,"column":48},"end":{"line":19,"column":49}},"loc":{"start":{"line":19,"column":64},"end":{"line":87,"column":1}}},"1":{"name":"(anonymous_1)","decl":{"start":{"line":26,"column":18},"end":{"line":26,"column":21}},"loc":{"start":{"line":26,"column":23},"end":{"line":30,"column":3}}},"2":{"name":"(anonymous_2)","decl":{"start":{"line":33,"column":40},"end":{"line":33,"column":41}},"loc":{"start":{"line":33,"column":49},"end":{"line":39,"column":3}}},"3":{"name":"(anonymous_3)","decl":{"start":{"line":41,"column":40},"end":{"line":41,"column":41}},"loc":{"start":{"line":41,"column":52},"end":{"line":41,"column":66}}},"4":{"name":"(anonymous_4)","decl":{"start":{"line":56,"column":29},"end":{"line":56,"column":30}},"loc":{"start":{"line":57,"column":14},"end":{"line":58,"column":null}}}},"branchMap":{"0":{"loc":{"start":{"line":60,"column":35},"end":{"line":60,"column":73}},"type":"cond-expr","locations":[{"start":{"line":60,"column":52},"end":{"line":60,"column":61}},{"start":{"line":60,"column":64},"end":{"line":60,"column":73}}]},"1":{"loc":{"start":{"line":66,"column":28},"end":{"line":66,"column":62}},"type":"cond-expr","locations":[{"start":{"line":66,"column":45},"end":{"line":66,"column":52}},{"start":{"line":66,"column":55},"end":{"line":66,"column":62}}]}},"s":{"0":1,"1":1,"2":1,"3":1,"4":1,"5":0,"6":0,"7":0,"8":0,"9":0,"10":0,"11":0,"12":0,"13":0,"14":0,"15":0,"16":0,"17":0,"18":0,"19":0,"20":0,"21":1},"f":{"0":0,"1":0,"2":0,"3":0,"4":0},"b":{"0":[0,0],"1":[0,0]}}
,"/Users/amoriah/Desktop/quiz-test-app/src/components/Quiz.tsx": {"path":"/Users/amoriah/Desktop/quiz-test-app/src/components/Quiz.tsx","statementMap":{"0":{"start":{"line":1,"column":0},"end":{"line":1,"column":33}},"1":{"start":{"line":3,"column":0},"end":{"line":3,"column":64}},"2":{"start":{"line":4,"column":0},"end":{"line":4,"column":61}},"3":{"start":{"line":5,"column":0},"end":{"line":5,"column":54}},"4":{"start":{"line":6,"column":0},"end":{"line":6,"column":42}},"5":{"start":{"line":9,"column":41},"end":{"line":37,"column":1}},"6":{"start":{"line":10,"column":28},"end":{"line":10,"column":47}},"7":{"start":{"line":12,"column":19},"end":{"line":12,"column":35}},"8":{"start":{"line":13,"column":19},"end":{"line":13,"column":52}},"9":{"start":{"line":15,"column":23},"end":{"line":21,"column":3}},"10":{"start":{"line":16,"column":4},"end":{"line":16,"column":32}},"11":{"start":{"line":17,"column":4},"end":{"line":20,"column":5}},"12":{"start":{"line":17,"column":47},"end":{"line":17,"column":67}},"13":{"start":{"line":19,"column":6},"end":{"line":19,"column":24}},"14":{"start":{"line":23,"column":18},"end":{"line":26,"column":35}},"15":{"start":{"line":26,"column":15},"end":{"line":26,"column":34}},"16":{"start":{"line":28,"column":2},"end":{"line":36,"column":4}},"17":{"start":{"line":9,"column":13},"end":{"line":9,"column":41}}},"fnMap":{"0":{"name":"(anonymous_0)","decl":{"start":{"line":9,"column":41},"end":{"line":9,"column":42}},"loc":{"start":{"line":9,"column":57},"end":{"line":37,"column":1}}},"1":{"name":"(anonymous_1)","decl":{"start":{"line":15,"column":23},"end":{"line":15,"column":24}},"loc":{"start":{"line":15,"column":43},"end":{"line":21,"column":3}}},"2":{"name":"(anonymous_2)","decl":{"start":{"line":26,"column":9},"end":{"line":26,"column":12}},"loc":{"start":{"line":26,"column":15},"end":{"line":26,"column":34}}}},"branchMap":{"0":{"loc":{"start":{"line":17,"column":4},"end":{"line":20,"column":5}},"type":"if","locations":[{"start":{"line":17,"column":4},"end":{"line":20,"column":5}},{"start":{"line":18,"column":9},"end":{"line":20,"column":5}}]}},"s":{"0":1,"1":1,"2":1,"3":1,"4":1,"5":1,"6":0,"7":0,"8":0,"9":0,"10":0,"11":0,"12":0,"13":0,"14":0,"15":0,"16":0,"17":1},"f":{"0":0,"1":0,"2":0},"b":{"0":[0,0]}}
,"/Users/amoriah/Desktop/quiz-test-app/src/components/QuizCard.tsx": {"path":"/Users/amoriah/Desktop/quiz-test-app/src/components/QuizCard.tsx","statementMap":{"0":{"start":{"line":1,"column":0},"end":{"line":1,"column":40}},"1":{"start":{"line":2,"column":0},"end":{"line":2,"column":null}},"2":{"start":{"line":24,"column":49},"end":{"line":134,"column":1}},"3":{"start":{"line":31,"column":32},"end":{"line":31,"column":54}},"4":{"start":{"line":33,"column":23},"end":{"line":44,"column":3}},"5":{"start":{"line":34,"column":19},"end":{"line":34,"column":37}},"6":{"start":{"line":35,"column":4},"end":{"line":43,"column":5}},"7":{"start":{"line":36,"column":6},"end":{"line":40,"column":7}},"8":{"start":{"line":37,"column":8},"end":{"line":37,"column":41}},"9":{"start":{"line":39,"column":8},"end":{"line":39,"column":56}},"10":{"start":{"line":39,"column":41},"end":{"line":39,"column":53}},"11":{"start":{"line":42,"column":6},"end":{"line":42,"column":27}},"12":{"start":{"line":46,"column":21},"end":{"line":57,"column":3}},"13":{"start":{"line":47,"column":4},"end":{"line":56,"column":5}},"14":{"start":{"line":48,"column":34},"end":{"line":53,"column":8}},"15":{"start":{"line":54,"column":6},"end":{"line":54,"column":21}},"16":{"start":{"line":55,"column":6},"end":{"line":55,"column":25}},"17":{"start":{"line":59,"column":2},"end":{"line":133,"column":4}},"18":{"start":{"line":93,"column":20},"end":{"line":94,"column":null}},"19":{"start":{"line":109,"column":20},"end":{"line":110,"column":null}},"20":{"start":{"line":24,"column":13},"end":{"line":24,"column":49}}},"fnMap":{"0":{"name":"(anonymous_0)","decl":{"start":{"line":24,"column":49},"end":{"line":24,"column":50}},"loc":{"start":{"line":30,"column":5},"end":{"line":134,"column":1}}},"1":{"name":"(anonymous_1)","decl":{"start":{"line":33,"column":23},"end":{"line":33,"column":24}},"loc":{"start":{"line":33,"column":70},"end":{"line":44,"column":3}}},"2":{"name":"(anonymous_2)","decl":{"start":{"line":39,"column":34},"end":{"line":39,"column":35}},"loc":{"start":{"line":39,"column":41},"end":{"line":39,"column":53}}},"3":{"name":"(anonymous_3)","decl":{"start":{"line":46,"column":21},"end":{"line":46,"column":24}},"loc":{"start":{"line":46,"column":26},"end":{"line":57,"column":3}}},"4":{"name":"(anonymous_4)","decl":{"start":{"line":92,"column":31},"end":{"line":92,"column":32}},"loc":{"start":{"line":93,"column":20},"end":{"line":94,"column":null}}},"5":{"name":"(anonymous_5)","decl":{"start":{"line":108,"column":31},"end":{"line":108,"column":32}},"loc":{"start":{"line":109,"column":20},"end":{"line":110,"column":null}}}},"branchMap":{"0":{"loc":{"start":{"line":35,"column":4},"end":{"line":43,"column":5}},"type":"if","locations":[{"start":{"line":35,"column":4},"end":{"line":43,"column":5}},{"start":{"line":41,"column":11},"end":{"line":43,"column":5}}]},"1":{"loc":{"start":{"line":36,"column":6},"end":{"line":40,"column":7}},"type":"if","locations":[{"start":{"line":36,"column":6},"end":{"line":40,"column":7}},{"start":{"line":38,"column":13},"end":{"line":40,"column":7}}]},"2":{"loc":{"start":{"line":47,"column":4},"end":{"line":56,"column":5}},"type":"if","locations":[{"start":{"line":47,"column":4},"end":{"line":56,"column":5}}]},"3":{"loc":{"start":{"line":90,"column":15},"end":{"line":116,"column":null}},"type":"cond-expr","locations":[{"start":{"line":91,"column":16},"end":{"line":104,"column":null}},{"start":{"line":107,"column":16},"end":{"line":115,"column":null}}]},"4":{"loc":{"start":{"line":107,"column":35},"end":{"line":107,"column":53}},"type":"binary-expr","locations":[{"start":{"line":107,"column":35},"end":{"line":107,"column":45}},{"start":{"line":107,"column":49},"end":{"line":107,"column":53}}]}},"s":{"0":1,"1":1,"2":1,"3":0,"4":0,"5":0,"6":0,"7":0,"8":0,"9":0,"10":0,"11":0,"12":0,"13":0,"14":0,"15":0,"16":0,"17":0,"18":0,"19":0,"20":1},"f":{"0":0,"1":0,"2":0,"3":0,"4":0,"5":0},"b":{"0":[0,0],"1":[0,0],"2":[0],"3":[0,0],"4":[0,0]}}
,"/Users/amoriah/Desktop/quiz-test-app/src/components/Start.tsx": {"path":"/Users/amoriah/Desktop/quiz-test-app/src/components/Start.tsx","statementMap":{"0":{"start":{"line":2,"column":0},"end":{"line":2,"column":74}},"1":{"start":{"line":3,"column":0},"end":{"line":3,"column":64}},"2":{"start":{"line":4,"column":0},"end":{"line":4,"column":59}},"3":{"start":{"line":5,"column":0},"end":{"line":5,"column":61}},"4":{"start":{"line":8,"column":42},"end":{"line":50,"column":1}},"5":{"start":{"line":9,"column":19},"end":{"line":9,"column":35}},"6":{"start":{"line":10,"column":19},"end":{"line":10,"column":52}},"7":{"start":{"line":12,"column":17},"end":{"line":20,"column":3}},"8":{"start":{"line":13,"column":4},"end":{"line":19,"column":7}},"9":{"start":{"line":14,"column":6},"end":{"line":18,"column":7}},"10":{"start":{"line":15,"column":8},"end":{"line":15,"column":27}},"11":{"start":{"line":17,"column":8},"end":{"line":17,"column":27}},"12":{"start":{"line":22,"column":2},"end":{"line":49,"column":4}},"13":{"start":{"line":8,"column":13},"end":{"line":8,"column":42}}},"fnMap":{"0":{"name":"(anonymous_0)","decl":{"start":{"line":8,"column":42},"end":{"line":8,"column":43}},"loc":{"start":{"line":8,"column":58},"end":{"line":50,"column":1}}},"1":{"name":"(anonymous_1)","decl":{"start":{"line":12,"column":17},"end":{"line":12,"column":22}},"loc":{"start":{"line":12,"column":28},"end":{"line":20,"column":3}}},"2":{"name":"(anonymous_2)","decl":{"start":{"line":13,"column":34},"end":{"line":13,"column":37}},"loc":{"start":{"line":13,"column":39},"end":{"line":19,"column":5}}}},"branchMap":{"0":{"loc":{"start":{"line":14,"column":6},"end":{"line":18,"column":7}},"type":"if","locations":[{"start":{"line":14,"column":6},"end":{"line":18,"column":7}},{"start":{"line":16,"column":13},"end":{"line":18,"column":7}}]},"1":{"loc":{"start":{"line":14,"column":10},"end":{"line":14,"column":51}},"type":"binary-expr","locations":[{"start":{"line":14,"column":10},"end":{"line":14,"column":28}},{"start":{"line":14,"column":32},"end":{"line":14,"column":51}}]}},"s":{"0":1,"1":1,"2":1,"3":1,"4":1,"5":1,"6":1,"7":1,"8":0,"9":0,"10":0,"11":0,"12":1,"13":1},"f":{"0":1,"1":0,"2":0},"b":{"0":[0,0],"1":[0,0]}}
,"/Users/amoriah/Desktop/quiz-test-app/src/slices/answersSlice.ts": {"path":"/Users/amoriah/Desktop/quiz-test-app/src/slices/answersSlice.ts","statementMap":{"0":{"start":{"line":1,"column":0},"end":{"line":1,"column":47}},"1":{"start":{"line":5,"column":13},"end":{"line":7,"column":2}},"2":{"start":{"line":9,"column":13},"end":{"line":20,"column":3}},"3":{"start":{"line":14,"column":6},"end":{"line":14,"column":50}},"4":{"start":{"line":17,"column":6},"end":{"line":17,"column":null}},"5":{"start":{"line":22,"column":13},"end":{"line":22,"column":43}},"6":{"start":{"line":24,"column":31},"end":{"line":24,"column":66}},"7":{"start":{"line":24,"column":53},"end":{"line":24,"column":66}},"8":{"start":{"line":24,"column":13},"end":{"line":24,"column":31}},"9":{"start":{"line":26,"column":0},"end":{"line":26,"column":36}}},"fnMap":{"0":{"name":"(anonymous_0)","decl":{"start":{"line":13,"column":15},"end":{"line":13,"column":16}},"loc":{"start":{"line":13,"column":38},"end":{"line":15,"column":5}}},"1":{"name":"(anonymous_1)","decl":{"start":{"line":16,"column":18},"end":{"line":16,"column":19}},"loc":{"start":{"line":16,"column":28},"end":{"line":18,"column":5}}},"2":{"name":"(anonymous_2)","decl":{"start":{"line":24,"column":31},"end":{"line":24,"column":32}},"loc":{"start":{"line":24,"column":53},"end":{"line":24,"column":66}}}},"branchMap":{},"s":{"0":1,"1":1,"2":1,"3":0,"4":0,"5":1,"6":1,"7":0,"8":1,"9":1},"f":{"0":0,"1":0,"2":0},"b":{}}
,"/Users/amoriah/Desktop/quiz-test-app/src/slices/questionsSlice.ts": {"path":"/Users/amoriah/Desktop/quiz-test-app/src/slices/questionsSlice.ts","statementMap":{"0":{"start":{"line":1,"column":0},"end":{"line":1,"column":65}},"1":{"start":{"line":4,"column":0},"end":{"line":4,"column":26}},"2":{"start":{"line":6,"column":13},"end":{"line":11,"column":2}},"3":{"start":{"line":13,"column":13},"end":{"line":42,"column":3}},"4":{"start":{"line":18,"column":6},"end":{"line":18,"column":27}},"5":{"start":{"line":19,"column":6},"end":{"line":19,"column":28}},"6":{"start":{"line":20,"column":6},"end":{"line":20,"column":30}},"7":{"start":{"line":21,"column":6},"end":{"line":21,"column":28}},"8":{"start":{"line":25,"column":4},"end":{"line":40,"column":9}},"9":{"start":{"line":27,"column":8},"end":{"line":27,"column":33}},"10":{"start":{"line":28,"column":8},"end":{"line":28,"column":29}},"11":{"start":{"line":31,"column":8},"end":{"line":31,"column":34}},"12":{"start":{"line":32,"column":8},"end":{"line":32,"column":30}},"13":{"start":{"line":33,"column":8},"end":{"line":33,"column":32}},"14":{"start":{"line":34,"column":8},"end":{"line":34,"column":35}},"15":{"start":{"line":37,"column":8},"end":{"line":37,"column":30}},"16":{"start":{"line":38,"column":8},"end":{"line":38,"column":32}},"17":{"start":{"line":39,"column":8},"end":{"line":39,"column":31}},"18":{"start":{"line":44,"column":15},"end":{"line":44,"column":57}},"19":{"start":{"line":46,"column":33},"end":{"line":46,"column":70}},"20":{"start":{"line":46,"column":55},"end":{"line":46,"column":70}},"21":{"start":{"line":46,"column":13},"end":{"line":46,"column":33}},"22":{"start":{"line":48,"column":0},"end":{"line":48,"column":38}},"23":{"start":{"line":50,"column":13},"end":{"line":60,"column":2}},"24":{"start":{"line":53,"column":4},"end":{"line":58,"column":5}},"25":{"start":{"line":54,"column":23},"end":{"line":54,"column":79}},"26":{"start":{"line":55,"column":6},"end":{"line":55,"column":35}},"27":{"start":{"line":57,"column":6},"end":{"line":57,"column":56}}},"fnMap":{"0":{"name":"(anonymous_1)","decl":{"start":{"line":17,"column":20},"end":{"line":17,"column":21}},"loc":{"start":{"line":17,"column":30},"end":{"line":22,"column":5}}},"1":{"name":"(anonymous_2)","decl":{"start":{"line":24,"column":17},"end":{"line":24,"column":18}},"loc":{"start":{"line":24,"column":29},"end":{"line":41,"column":3}}},"2":{"name":"(anonymous_3)","decl":{"start":{"line":26,"column":37},"end":{"line":26,"column":38}},"loc":{"start":{"line":26,"column":47},"end":{"line":29,"column":7}}},"3":{"name":"(anonymous_4)","decl":{"start":{"line":30,"column":39},"end":{"line":30,"column":40}},"loc":{"start":{"line":30,"column":62},"end":{"line":35,"column":7}}},"4":{"name":"(anonymous_5)","decl":{"start":{"line":36,"column":38},"end":{"line":36,"column":39}},"loc":{"start":{"line":36,"column":48},"end":{"line":40,"column":7}}},"5":{"name":"(anonymous_6)","decl":{"start":{"line":46,"column":33},"end":{"line":46,"column":34}},"loc":{"start":{"line":46,"column":55},"end":{"line":46,"column":70}}},"6":{"name":"(anonymous_7)","decl":{"start":{"line":52,"column":2},"end":{"line":52,"column":7}},"loc":{"start":{"line":52,"column":13},"end":{"line":59,"column":3}}}},"branchMap":{},"s":{"0":1,"1":1,"2":1,"3":1,"4":0,"5":0,"6":0,"7":0,"8":1,"9":0,"10":0,"11":0,"12":0,"13":0,"14":0,"15":0,"16":0,"17":0,"18":1,"19":1,"20":2,"21":1,"22":1,"23":1,"24":0,"25":0,"26":0,"27":0},"f":{"0":0,"1":1,"2":0,"3":0,"4":0,"5":2,"6":0},"b":{}}
}
